Starting consumer for topics [clicks-batch-16k-6, clicks-batch-64k-6, clicks-batch-128k-6], target 100’000 each.
SLF4J: Failed to load class "org.slf4j.impl.StaticLoggerBinder".
SLF4J: Defaulting to no-operation (NOP) logger implementation
SLF4J: See http://www.slf4j.org/codes.html#StaticLoggerBinder for further details.
[clicks-batch-16k-6] collected 5’000 messages
[clicks-batch-16k-6] collected 10’000 messages
[clicks-batch-16k-6] collected 15’000 messages
[clicks-batch-16k-6] collected 20’000 messages
[clicks-batch-16k-6] collected 25’000 messages
[clicks-batch-64k-6] collected 5’000 messages
[clicks-batch-16k-6] collected 30’000 messages
[clicks-batch-16k-6] collected 35’000 messages
[clicks-batch-64k-6] collected 10’000 messages
[clicks-batch-64k-6] collected 15’000 messages
[clicks-batch-64k-6] collected 20’000 messages
[clicks-batch-64k-6] collected 25’000 messages
[clicks-batch-16k-6] collected 40’000 messages
[clicks-batch-16k-6] collected 45’000 messages
[clicks-batch-128k-6] collected 5’000 messages
[clicks-batch-64k-6] collected 30’000 messages
[clicks-batch-64k-6] collected 35’000 messages
[clicks-batch-16k-6] collected 50’000 messages
[clicks-batch-16k-6] collected 55’000 messages
[clicks-batch-128k-6] collected 10’000 messages
[clicks-batch-128k-6] collected 15’000 messages
[clicks-batch-64k-6] collected 40’000 messages
[clicks-batch-64k-6] collected 45’000 messages
[clicks-batch-16k-6] collected 60’000 messages
[clicks-batch-16k-6] collected 65’000 messages
[clicks-batch-128k-6] collected 20’000 messages
[clicks-batch-128k-6] collected 25’000 messages
[clicks-batch-64k-6] collected 50’000 messages
[clicks-batch-64k-6] collected 55’000 messages
[clicks-batch-16k-6] collected 70’000 messages
[clicks-batch-128k-6] collected 30’000 messages
[clicks-batch-128k-6] collected 35’000 messages
[clicks-batch-64k-6] collected 60’000 messages
[clicks-batch-64k-6] collected 65’000 messages
[clicks-batch-16k-6] collected 75’000 messages
[clicks-batch-16k-6] collected 80’000 messages
[clicks-batch-128k-6] collected 40’000 messages
[clicks-batch-128k-6] collected 45’000 messages
[clicks-batch-64k-6] collected 70’000 messages
[clicks-batch-64k-6] collected 75’000 messages
[clicks-batch-16k-6] collected 85’000 messages
[clicks-batch-16k-6] collected 90’000 messages
[clicks-batch-128k-6] collected 50’000 messages
[clicks-batch-128k-6] collected 55’000 messages
[clicks-batch-64k-6] collected 80’000 messages
[clicks-batch-64k-6] collected 85’000 messages
[clicks-batch-16k-6] collected 95’000 messages
[clicks-batch-16k-6] collected 100’000 messages
[clicks-batch-128k-6] collected 60’000 messages
[clicks-batch-128k-6] collected 65’000 messages
[clicks-batch-64k-6] collected 90’000 messages
[clicks-batch-64k-6] collected 95’000 messages
[clicks-batch-128k-6] collected 70’000 messages
[clicks-batch-128k-6] collected 75’000 messages
[clicks-batch-64k-6] collected 100’000 messages
[clicks-batch-128k-6] collected 80’000 messages
[clicks-batch-128k-6] collected 85’000 messages
[clicks-batch-128k-6] collected 90’000 messages
[clicks-batch-128k-6] collected 95’000 messages
[clicks-batch-128k-6] collected 100’000 messages
Reached target for all topics; summarizing and exiting.

Latency summary (ms):
clicks-batch-16k-6 -> count: 100’000/100000 | min: 85 | p50: 952 | p95: 1026 | p99: 1031 | max: 1033 | avg: 818.56
clicks-batch-64k-6 -> count: 100’000/100000 | min: 35 | p50: 513 | p95: 549 | p99: 552 | max: 553 | avg: 431.01
clicks-batch-128k-6 -> count: 100’000/100000 | min: 17 | p50: 313 | p95: 842 | p99: 1337 | max: 1338 | avg: 358.46
Done.

Process finished with exit code 0
