Starting consumer for topics [clicks-batch-16k-1, clicks-batch-64k-1, clicks-batch-128k-1], target 100’000 each.
SLF4J: Failed to load class "org.slf4j.impl.StaticLoggerBinder".
SLF4J: Defaulting to no-operation (NOP) logger implementation
SLF4J: See http://www.slf4j.org/codes.html#StaticLoggerBinder for further details.
[clicks-batch-16k-1] collected 5’000 messages
[clicks-batch-16k-1] collected 10’000 messages
[clicks-batch-16k-1] collected 15’000 messages
[clicks-batch-16k-1] collected 20’000 messages
[clicks-batch-64k-1] collected 5’000 messages
[clicks-batch-16k-1] collected 25’000 messages
[clicks-batch-16k-1] collected 30’000 messages
[clicks-batch-64k-1] collected 10’000 messages
[clicks-batch-64k-1] collected 15’000 messages
[clicks-batch-128k-1] collected 5’000 messages
[clicks-batch-128k-1] collected 10’000 messages
[clicks-batch-16k-1] collected 35’000 messages
[clicks-batch-16k-1] collected 40’000 messages
[clicks-batch-128k-1] collected 15’000 messages
[clicks-batch-128k-1] collected 20’000 messages
[clicks-batch-64k-1] collected 20’000 messages
[clicks-batch-64k-1] collected 25’000 messages
[clicks-batch-16k-1] collected 45’000 messages
[clicks-batch-16k-1] collected 50’000 messages
[clicks-batch-128k-1] collected 25’000 messages
[clicks-batch-128k-1] collected 30’000 messages
[clicks-batch-16k-1] collected 55’000 messages
[clicks-batch-16k-1] collected 60’000 messages
[clicks-batch-64k-1] collected 30’000 messages
[clicks-batch-64k-1] collected 35’000 messages
[clicks-batch-128k-1] collected 35’000 messages
[clicks-batch-16k-1] collected 65’000 messages
[clicks-batch-16k-1] collected 70’000 messages
[clicks-batch-64k-1] collected 40’000 messages
[clicks-batch-64k-1] collected 45’000 messages
[clicks-batch-128k-1] collected 40’000 messages
[clicks-batch-128k-1] collected 45’000 messages
[clicks-batch-16k-1] collected 75’000 messages
[clicks-batch-16k-1] collected 80’000 messages
[clicks-batch-64k-1] collected 50’000 messages
[clicks-batch-64k-1] collected 55’000 messages
[clicks-batch-128k-1] collected 50’000 messages
[clicks-batch-128k-1] collected 55’000 messages
[clicks-batch-16k-1] collected 85’000 messages
[clicks-batch-16k-1] collected 90’000 messages
[clicks-batch-64k-1] collected 60’000 messages
[clicks-batch-64k-1] collected 65’000 messages
[clicks-batch-128k-1] collected 60’000 messages
[clicks-batch-128k-1] collected 65’000 messages
[clicks-batch-16k-1] collected 95’000 messages
[clicks-batch-16k-1] collected 100’000 messages
[clicks-batch-64k-1] collected 70’000 messages
[clicks-batch-64k-1] collected 75’000 messages
[clicks-batch-128k-1] collected 70’000 messages
[clicks-batch-128k-1] collected 75’000 messages
[clicks-batch-64k-1] collected 80’000 messages
[clicks-batch-64k-1] collected 85’000 messages
[clicks-batch-128k-1] collected 80’000 messages
[clicks-batch-128k-1] collected 85’000 messages
[clicks-batch-64k-1] collected 90’000 messages
[clicks-batch-64k-1] collected 95’000 messages
[clicks-batch-128k-1] collected 90’000 messages
[clicks-batch-128k-1] collected 95’000 messages
[clicks-batch-64k-1] collected 100’000 messages
[clicks-batch-128k-1] collected 100’000 messages
Reached target for all topics; summarizing and exiting.

Latency summary (ms):
clicks-batch-16k-1 -> count: 100’000/100000 | min: 77 | p50: 910 | p95: 957 | p99: 965 | max: 967 | avg: 810.41
clicks-batch-64k-1 -> count: 100’000/100000 | min: 36 | p50: 575 | p95: 603 | p99: 614 | max: 614 | avg: 508.80
clicks-batch-128k-1 -> count: 100’000/100000 | min: 23 | p50: 315 | p95: 399 | p99: 401 | max: 402 | avg: 282.83
Done.

Process finished with exit code 0
