Starting consumer for topics [clicks-batch-16k-5, clicks-batch-64k-5, clicks-batch-128k-5], target 100’000 each.
SLF4J: Failed to load class "org.slf4j.impl.StaticLoggerBinder".
SLF4J: Defaulting to no-operation (NOP) logger implementation
SLF4J: See http://www.slf4j.org/codes.html#StaticLoggerBinder for further details.
[clicks-batch-16k-5] collected 5’000 messages
[clicks-batch-16k-5] collected 10’000 messages
[clicks-batch-16k-5] collected 15’000 messages
[clicks-batch-16k-5] collected 20’000 messages
[clicks-batch-16k-5] collected 25’000 messages
[clicks-batch-64k-5] collected 5’000 messages
[clicks-batch-64k-5] collected 10’000 messages
[clicks-batch-64k-5] collected 15’000 messages
[clicks-batch-16k-5] collected 30’000 messages
[clicks-batch-16k-5] collected 35’000 messages
[clicks-batch-128k-5] collected 5’000 messages
[clicks-batch-128k-5] collected 10’000 messages
[clicks-batch-64k-5] collected 20’000 messages
[clicks-batch-64k-5] collected 25’000 messages
[clicks-batch-16k-5] collected 40’000 messages
[clicks-batch-16k-5] collected 45’000 messages
[clicks-batch-128k-5] collected 15’000 messages
[clicks-batch-128k-5] collected 20’000 messages
[clicks-batch-64k-5] collected 30’000 messages
[clicks-batch-64k-5] collected 35’000 messages
[clicks-batch-16k-5] collected 50’000 messages
[clicks-batch-16k-5] collected 55’000 messages
[clicks-batch-128k-5] collected 25’000 messages
[clicks-batch-128k-5] collected 30’000 messages
[clicks-batch-64k-5] collected 40’000 messages
[clicks-batch-64k-5] collected 45’000 messages
[clicks-batch-16k-5] collected 60’000 messages
[clicks-batch-128k-5] collected 35’000 messages
[clicks-batch-64k-5] collected 50’000 messages
[clicks-batch-64k-5] collected 55’000 messages
[clicks-batch-16k-5] collected 65’000 messages
[clicks-batch-16k-5] collected 70’000 messages
[clicks-batch-128k-5] collected 40’000 messages
[clicks-batch-128k-5] collected 45’000 messages
[clicks-batch-64k-5] collected 60’000 messages
[clicks-batch-64k-5] collected 65’000 messages
[clicks-batch-16k-5] collected 75’000 messages
[clicks-batch-16k-5] collected 80’000 messages
[clicks-batch-128k-5] collected 50’000 messages
[clicks-batch-128k-5] collected 55’000 messages
[clicks-batch-64k-5] collected 70’000 messages
[clicks-batch-64k-5] collected 75’000 messages
[clicks-batch-16k-5] collected 85’000 messages
[clicks-batch-16k-5] collected 90’000 messages
[clicks-batch-128k-5] collected 60’000 messages
[clicks-batch-128k-5] collected 65’000 messages
[clicks-batch-64k-5] collected 80’000 messages
[clicks-batch-64k-5] collected 85’000 messages
[clicks-batch-128k-5] collected 70’000 messages
[clicks-batch-128k-5] collected 75’000 messages
[clicks-batch-16k-5] collected 95’000 messages
[clicks-batch-16k-5] collected 100’000 messages
[clicks-batch-64k-5] collected 90’000 messages
[clicks-batch-64k-5] collected 95’000 messages
[clicks-batch-128k-5] collected 80’000 messages
[clicks-batch-128k-5] collected 85’000 messages
[clicks-batch-64k-5] collected 100’000 messages
[clicks-batch-128k-5] collected 90’000 messages
[clicks-batch-128k-5] collected 95’000 messages
[clicks-batch-128k-5] collected 100’000 messages
Reached target for all topics; summarizing and exiting.

Latency summary (ms):
clicks-batch-16k-5 -> count: 100’000/100000 | min: 99 | p50: 871 | p95: 915 | p99: 922 | max: 925 | avg: 768.32
clicks-batch-64k-5 -> count: 100’000/100000 | min: 70 | p50: 466 | p95: 526 | p99: 529 | max: 530 | avg: 442.24
clicks-batch-128k-5 -> count: 100’000/100000 | min: 16 | p50: 279 | p95: 314 | p99: 811 | max: 812 | avg: 248.83
Done.

Process finished with exit code 0