Starting consumer for topics [clicks-batch-16k-4, clicks-batch-64k-4, clicks-batch-128k-4], target 100’000 each.
SLF4J: Failed to load class "org.slf4j.impl.StaticLoggerBinder".
SLF4J: Defaulting to no-operation (NOP) logger implementation
SLF4J: See http://www.slf4j.org/codes.html#StaticLoggerBinder for further details.
[clicks-batch-16k-4] collected 5’000 messages
[clicks-batch-16k-4] collected 10’000 messages
[clicks-batch-16k-4] collected 15’000 messages
[clicks-batch-16k-4] collected 20’000 messages
[clicks-batch-16k-4] collected 25’000 messages
[clicks-batch-64k-4] collected 5’000 messages
[clicks-batch-16k-4] collected 30’000 messages
[clicks-batch-16k-4] collected 35’000 messages
[clicks-batch-64k-4] collected 10’000 messages
[clicks-batch-64k-4] collected 15’000 messages
[clicks-batch-16k-4] collected 40’000 messages
[clicks-batch-16k-4] collected 45’000 messages
[clicks-batch-64k-4] collected 20’000 messages
[clicks-batch-64k-4] collected 25’000 messages
[clicks-batch-16k-4] collected 50’000 messages
[clicks-batch-64k-4] collected 30’000 messages
[clicks-batch-64k-4] collected 35’000 messages
[clicks-batch-16k-4] collected 55’000 messages
[clicks-batch-16k-4] collected 60’000 messages
[clicks-batch-64k-4] collected 40’000 messages
[clicks-batch-64k-4] collected 45’000 messages
[clicks-batch-16k-4] collected 65’000 messages
[clicks-batch-16k-4] collected 70’000 messages
[clicks-batch-64k-4] collected 50’000 messages
[clicks-batch-16k-4] collected 75’000 messages
[clicks-batch-16k-4] collected 80’000 messages
[clicks-batch-64k-4] collected 55’000 messages
[clicks-batch-64k-4] collected 60’000 messages
[clicks-batch-16k-4] collected 85’000 messages
[clicks-batch-16k-4] collected 90’000 messages
[clicks-batch-64k-4] collected 65’000 messages
[clicks-batch-64k-4] collected 70’000 messages
[clicks-batch-128k-4] collected 5’000 messages
[clicks-batch-128k-4] collected 10’000 messages
[clicks-batch-16k-4] collected 95’000 messages
[clicks-batch-16k-4] collected 100’000 messages
[clicks-batch-64k-4] collected 75’000 messages
[clicks-batch-64k-4] collected 80’000 messages
[clicks-batch-128k-4] collected 15’000 messages
[clicks-batch-128k-4] collected 20’000 messages
[clicks-batch-64k-4] collected 85’000 messages
[clicks-batch-64k-4] collected 90’000 messages
[clicks-batch-128k-4] collected 25’000 messages
[clicks-batch-128k-4] collected 30’000 messages
[clicks-batch-64k-4] collected 95’000 messages
[clicks-batch-64k-4] collected 100’000 messages
[clicks-batch-128k-4] collected 35’000 messages
[clicks-batch-128k-4] collected 40’000 messages
[clicks-batch-128k-4] collected 45’000 messages
[clicks-batch-128k-4] collected 50’000 messages
[clicks-batch-128k-4] collected 55’000 messages
[clicks-batch-128k-4] collected 60’000 messages
[clicks-batch-128k-4] collected 65’000 messages
[clicks-batch-128k-4] collected 70’000 messages
[clicks-batch-128k-4] collected 75’000 messages
[clicks-batch-128k-4] collected 80’000 messages
[clicks-batch-128k-4] collected 85’000 messages
[clicks-batch-128k-4] collected 90’000 messages
[clicks-batch-128k-4] collected 95’000 messages
[clicks-batch-128k-4] collected 100’000 messages
Reached target for all topics; summarizing and exiting.

Latency summary (ms):
clicks-batch-16k-4 -> count: 100’000/100000 | min: 70 | p50: 954 | p95: 1020 | p99: 1026 | max: 1032 | avg: 874.41
clicks-batch-64k-4 -> count: 100’000/100000 | min: 27 | p50: 330 | p95: 436 | p99: 440 | max: 442 | avg: 305.62
clicks-batch-128k-4 -> count: 100’000/100000 | min: 55 | p50: 702 | p95: 3148 | p99: 3152 | max: 3642 | avg: 1177.73
Done.

Process finished with exit code 0
