"C:\Program Files\Java\jdk-21\bin\java.exe" "-javaagent:C:\Program Files\JetBrains\IntelliJ IDEA 2023.2.3\lib\idea_rt.jar=12490" -Dfile.encoding=UTF-8 -Dsun.stdout.encoding=UTF-8 -Dsun.stderr.encoding=UTF-8 -classpath C:\hsg_projects\kafka\lab02Part2-kafka-EyeTracking\ClickStream-Producer\target\classes;C:\Users\micha\.m2\repository\org\apache\kafka\kafka-clients\3.9.0\kafka-clients-3.9.0.jar;C:\Users\micha\.m2\repository\com\github\luben\zstd-jni\1.5.6-4\zstd-jni-1.5.6-4.jar;C:\Users\micha\.m2\repository\org\lz4\lz4-java\1.8.0\lz4-java-1.8.0.jar;C:\Users\micha\.m2\repository\org\xerial\snappy\snappy-java\1.1.10.5\snappy-java-1.1.10.5.jar;C:\Users\micha\.m2\repository\org\slf4j\slf4j-api\1.7.36\slf4j-api-1.7.36.jar;C:\Users\micha\.m2\repository\com\google\guava\guava\33.4.0-jre\guava-33.4.0-jre.jar;C:\Users\micha\.m2\repository\com\google\guava\failureaccess\1.0.2\failureaccess-1.0.2.jar;C:\Users\micha\.m2\repository\com\google\guava\listenablefuture\9999.0-empty-to-avoid-conflict-with-guava\listenablefuture-9999.0-empty-to-avoid-conflict-with-guava.jar;C:\Users\micha\.m2\repository\com\google\code\findbugs\jsr305\3.0.2\jsr305-3.0.2.jar;C:\Users\micha\.m2\repository\org\checkerframework\checker-qual\3.43.0\checker-qual-3.43.0.jar;C:\Users\micha\.m2\repository\com\google\errorprone\error_prone_annotations\2.36.0\error_prone_annotations-2.36.0.jar;C:\Users\micha\.m2\repository\com\google\j2objc\j2objc-annotations\3.0.0\j2objc-annotations-3.0.0.jar;C:\Users\micha\.m2\repository\org\slf4j\slf4j-simple\2.0.16\slf4j-simple-2.0.16.jar;C:\Users\micha\.m2\repository\com\fasterxml\jackson\core\jackson-databind\2.16.0\jackson-databind-2.16.0.jar;C:\Users\micha\.m2\repository\com\fasterxml\jackson\core\jackson-annotations\2.16.0\jackson-annotations-2.16.0.jar;C:\Users\micha\.m2\repository\com\fasterxml\jackson\core\jackson-core\2.16.0\jackson-core-2.16.0.jar;C:\Users\micha\.m2\repository\com\googlecode\json-simple\json-simple\1.1\json-simple-1.1.jar com.examples.BatchSizeExperimentProducer
SLF4J: Failed to load class "org.slf4j.impl.StaticLoggerBinder".
SLF4J: Defaulting to no-operation (NOP) logger implementation
SLF4J: See http://www.slf4j.org/codes.html#StaticLoggerBinder for further details.
Failed to create topic clicks-batch-16k-16
Exception: java.util.concurrent.ExecutionException: org.apache.kafka.common.errors.TopicExistsException: Topic 'clicks-batch-16k-16' already exists.
Cause: org.apache.kafka.common.errors.TopicExistsException: Topic 'clicks-batch-16k-16' already exists.
Failed to create topic clicks-batch-64k-16
Exception: java.util.concurrent.ExecutionException: org.apache.kafka.common.errors.TopicExistsException: Topic 'clicks-batch-64k-16' already exists.
Cause: org.apache.kafka.common.errors.TopicExistsException: Topic 'clicks-batch-64k-16' already exists.
Failed to create topic clicks-batch-128k-16
Exception: java.util.concurrent.ExecutionException: org.apache.kafka.common.errors.TopicExistsException: Topic 'clicks-batch-128k-16' already exists.
Cause: org.apache.kafka.common.errors.TopicExistsException: Topic 'clicks-batch-128k-16' already exists.
[16KB-5ms] topic=clicks-batch-16k-16 batch.size=16384 linger.ms=5 sending 100’000 messages...
java.util.concurrent.ExecutionException: org.apache.kafka.common.errors.TopicExistsException: Topic 'clicks-batch-16k-16' already exists.
	at java.base/java.util.concurrent.CompletableFuture.reportGet(CompletableFuture.java:396)
	at java.base/java.util.concurrent.CompletableFuture.get(CompletableFuture.java:2073)
	at org.apache.kafka.common.internals.KafkaFutureImpl.get(KafkaFutureImpl.java:165)
	at com.examples.BatchSizeExperimentProducer.cleanTopics(BatchSizeExperimentProducer.java:107)
	at com.examples.BatchSizeExperimentProducer.main(BatchSizeExperimentProducer.java:43)
Caused by: org.apache.kafka.common.errors.TopicExistsException: Topic 'clicks-batch-16k-16' already exists.
java.util.concurrent.ExecutionException: org.apache.kafka.common.errors.TopicExistsException: Topic 'clicks-batch-64k-16' already exists.
	at java.base/java.util.concurrent.CompletableFuture.reportGet(CompletableFuture.java:396)
	at java.base/java.util.concurrent.CompletableFuture.get(CompletableFuture.java:2073)
	at org.apache.kafka.common.internals.KafkaFutureImpl.get(KafkaFutureImpl.java:165)
	at com.examples.BatchSizeExperimentProducer.cleanTopics(BatchSizeExperimentProducer.java:107)
	at com.examples.BatchSizeExperimentProducer.main(BatchSizeExperimentProducer.java:43)
Caused by: org.apache.kafka.common.errors.TopicExistsException: Topic 'clicks-batch-64k-16' already exists.
java.util.concurrent.ExecutionException: org.apache.kafka.common.errors.TopicExistsException: Topic 'clicks-batch-128k-16' already exists.
	at java.base/java.util.concurrent.CompletableFuture.reportGet(CompletableFuture.java:396)
	at java.base/java.util.concurrent.CompletableFuture.get(CompletableFuture.java:2073)
	at org.apache.kafka.common.internals.KafkaFutureImpl.get(KafkaFutureImpl.java:165)
	at com.examples.BatchSizeExperimentProducer.cleanTopics(BatchSizeExperimentProducer.java:107)
	at com.examples.BatchSizeExperimentProducer.main(BatchSizeExperimentProducer.java:43)
Caused by: org.apache.kafka.common.errors.TopicExistsException: Topic 'clicks-batch-128k-16' already exists.
[16KB-5ms] sent 5’000/100000
[16KB-5ms] sent 10’000/100000
[16KB-5ms] sent 15’000/100000
[16KB-5ms] sent 20’000/100000
[16KB-5ms] sent 25’000/100000
[16KB-5ms] sent 30’000/100000
[16KB-5ms] sent 35’000/100000
[16KB-5ms] sent 40’000/100000
[16KB-5ms] sent 45’000/100000
[16KB-5ms] sent 50’000/100000
[16KB-5ms] sent 55’000/100000
[16KB-5ms] sent 60’000/100000
[16KB-5ms] sent 65’000/100000
[16KB-5ms] sent 70’000/100000
[16KB-5ms] sent 75’000/100000
[16KB-5ms] sent 80’000/100000
[16KB-5ms] sent 85’000/100000
[16KB-5ms] sent 90’000/100000
[16KB-5ms] sent 95’000/100000
[16KB-5ms] sent 100’000/100000
[16KB-5ms] complete: 100’000 msgs in 58917 ms (1697.30 msg/s)
[64KB-5ms] topic=clicks-batch-64k-16 batch.size=65536 linger.ms=5 sending 100’000 messages...
[64KB-5ms] sent 5’000/100000
[64KB-5ms] sent 10’000/100000
[64KB-5ms] sent 15’000/100000
[64KB-5ms] sent 20’000/100000
[64KB-5ms] sent 25’000/100000
[64KB-5ms] sent 30’000/100000
[64KB-5ms] sent 35’000/100000
[64KB-5ms] sent 40’000/100000
[64KB-5ms] sent 45’000/100000
[64KB-5ms] sent 50’000/100000
[64KB-5ms] sent 55’000/100000
[64KB-5ms] sent 60’000/100000
[64KB-5ms] sent 65’000/100000
[64KB-5ms] sent 70’000/100000
[64KB-5ms] sent 75’000/100000
[64KB-5ms] sent 80’000/100000
[64KB-5ms] sent 85’000/100000
[64KB-5ms] sent 90’000/100000
[64KB-5ms] sent 95’000/100000
[64KB-5ms] sent 100’000/100000
[64KB-5ms] complete: 100’000 msgs in 57255 ms (1746.57 msg/s)
[128KB-5ms] topic=clicks-batch-128k-16 batch.size=131072 linger.ms=5 sending 100’000 messages...
[128KB-5ms] sent 5’000/100000
[128KB-5ms] sent 10’000/100000
[128KB-5ms] sent 15’000/100000
[128KB-5ms] sent 20’000/100000
[128KB-5ms] sent 25’000/100000
[128KB-5ms] sent 30’000/100000
[128KB-5ms] sent 35’000/100000
[128KB-5ms] sent 40’000/100000
[128KB-5ms] sent 45’000/100000
[128KB-5ms] sent 50’000/100000
[128KB-5ms] sent 55’000/100000
[128KB-5ms] sent 60’000/100000
[128KB-5ms] sent 65’000/100000
[128KB-5ms] sent 70’000/100000
[128KB-5ms] sent 75’000/100000
[128KB-5ms] sent 80’000/100000
[128KB-5ms] sent 85’000/100000
[128KB-5ms] sent 90’000/100000
[128KB-5ms] sent 95’000/100000
[128KB-5ms] sent 100’000/100000
[128KB-5ms] complete: 100’000 msgs in 56531 ms (1768.94 msg/s)

Process finished with exit code 0
