SLF4J: Failed to load class "org.slf4j.impl.StaticLoggerBinder".
SLF4J: Defaulting to no-operation (NOP) logger implementation
SLF4J: See http://www.slf4j.org/codes.html#StaticLoggerBinder for further details.
[16KB-5ms] topic=clicks-batch-16k-2 batch.size=16384 linger.ms=5 sending 100’000 messages...
[16KB-5ms] sent 5’000/100000
[16KB-5ms] sent 10’000/100000
[16KB-5ms] sent 15’000/100000
[16KB-5ms] sent 20’000/100000
[16KB-5ms] sent 25’000/100000
[16KB-5ms] sent 30’000/100000
[16KB-5ms] sent 35’000/100000
[16KB-5ms] sent 40’000/100000
[16KB-5ms] sent 45’000/100000
[16KB-5ms] sent 50’000/100000
[16KB-5ms] sent 55’000/100000
[16KB-5ms] sent 60’000/100000
[16KB-5ms] sent 65’000/100000
[16KB-5ms] sent 70’000/100000
[16KB-5ms] sent 75’000/100000
[16KB-5ms] sent 80’000/100000
[16KB-5ms] sent 85’000/100000
[16KB-5ms] sent 90’000/100000
[16KB-5ms] sent 95’000/100000
[16KB-5ms] sent 100’000/100000
[16KB-5ms] complete: 100’000 msgs in 885 ms (112994.35 msg/s)
[64KB-5ms] topic=clicks-batch-64k-2 batch.size=65536 linger.ms=5 sending 100’000 messages...
[64KB-5ms] sent 5’000/100000
[64KB-5ms] sent 10’000/100000
[64KB-5ms] sent 15’000/100000
[64KB-5ms] sent 20’000/100000
[64KB-5ms] sent 25’000/100000
[64KB-5ms] sent 30’000/100000
[64KB-5ms] sent 35’000/100000
[64KB-5ms] sent 40’000/100000
[64KB-5ms] sent 45’000/100000
[64KB-5ms] sent 50’000/100000
[64KB-5ms] sent 55’000/100000
[64KB-5ms] sent 60’000/100000
[64KB-5ms] sent 65’000/100000
[64KB-5ms] sent 70’000/100000
[64KB-5ms] sent 75’000/100000
[64KB-5ms] sent 80’000/100000
[64KB-5ms] sent 85’000/100000
[64KB-5ms] sent 90’000/100000
[64KB-5ms] sent 95’000/100000
[64KB-5ms] sent 100’000/100000
[64KB-5ms] complete: 100’000 msgs in 364 ms (274725.27 msg/s)
[128KB-5ms] topic=clicks-batch-128k-2 batch.size=131072 linger.ms=5 sending 100’000 messages...
[128KB-5ms] sent 5’000/100000
[128KB-5ms] sent 10’000/100000
[128KB-5ms] sent 15’000/100000
[128KB-5ms] sent 20’000/100000
[128KB-5ms] sent 25’000/100000
[128KB-5ms] sent 30’000/100000
[128KB-5ms] sent 35’000/100000
[128KB-5ms] sent 40’000/100000
[128KB-5ms] sent 45’000/100000
[128KB-5ms] sent 50’000/100000
[128KB-5ms] sent 55’000/100000
[128KB-5ms] sent 60’000/100000
[128KB-5ms] sent 65’000/100000
[128KB-5ms] sent 70’000/100000
[128KB-5ms] sent 75’000/100000
[128KB-5ms] sent 80’000/100000
[128KB-5ms] sent 85’000/100000
[128KB-5ms] sent 90’000/100000
[128KB-5ms] sent 95’000/100000
[128KB-5ms] sent 100’000/100000
[128KB-5ms] complete: 100’000 msgs in 372 ms (268817.20 msg/s)

Process finished with exit code 0
