SLF4J: Failed to load class "org.slf4j.impl.StaticLoggerBinder".
SLF4J: Defaulting to no-operation (NOP) logger implementation
SLF4J: See http://www.slf4j.org/codes.html#StaticLoggerBinder for further details.
[16KB-100ms] topic=clicks-batch-16k-6 batch.size=16384 linger.ms=100 sending 100’000 messages...
[16KB-100ms] sent 5’000/100000
[16KB-100ms] sent 10’000/100000
[16KB-100ms] sent 15’000/100000
[16KB-100ms] sent 20’000/100000
[16KB-100ms] sent 25’000/100000
[16KB-100ms] sent 30’000/100000
[16KB-100ms] sent 35’000/100000
[16KB-100ms] sent 40’000/100000
[16KB-100ms] sent 45’000/100000
[16KB-100ms] sent 50’000/100000
[16KB-100ms] sent 55’000/100000
[16KB-100ms] sent 60’000/100000
[16KB-100ms] sent 65’000/100000
[16KB-100ms] sent 70’000/100000
[16KB-100ms] sent 75’000/100000
[16KB-100ms] sent 80’000/100000
[16KB-100ms] sent 85’000/100000
[16KB-100ms] sent 90’000/100000
[16KB-100ms] sent 95’000/100000
[16KB-100ms] sent 100’000/100000
[16KB-100ms] complete: 100’000 msgs in 758 ms (131926.12 msg/s)
[64KB-100ms] topic=clicks-batch-64k-6 batch.size=65536 linger.ms=100 sending 100’000 messages...
[64KB-100ms] sent 5’000/100000
[64KB-100ms] sent 10’000/100000
[64KB-100ms] sent 15’000/100000
[64KB-100ms] sent 20’000/100000
[64KB-100ms] sent 25’000/100000
[64KB-100ms] sent 30’000/100000
[64KB-100ms] sent 35’000/100000
[64KB-100ms] sent 40’000/100000
[64KB-100ms] sent 45’000/100000
[64KB-100ms] sent 50’000/100000
[64KB-100ms] sent 55’000/100000
[64KB-100ms] sent 60’000/100000
[64KB-100ms] sent 65’000/100000
[64KB-100ms] sent 70’000/100000
[64KB-100ms] sent 75’000/100000
[64KB-100ms] sent 80’000/100000
[64KB-100ms] sent 85’000/100000
[64KB-100ms] sent 90’000/100000
[64KB-100ms] sent 95’000/100000
[64KB-100ms] sent 100’000/100000
[64KB-100ms] complete: 100’000 msgs in 418 ms (239234.45 msg/s)
[128KB-100ms] topic=clicks-batch-128k-6 batch.size=131072 linger.ms=100 sending 100’000 messages...
[128KB-100ms] sent 5’000/100000
[128KB-100ms] sent 10’000/100000
[128KB-100ms] sent 15’000/100000
[128KB-100ms] sent 20’000/100000
[128KB-100ms] sent 25’000/100000
[128KB-100ms] sent 30’000/100000
[128KB-100ms] sent 35’000/100000
[128KB-100ms] sent 40’000/100000
[128KB-100ms] sent 45’000/100000
[128KB-100ms] sent 50’000/100000
[128KB-100ms] sent 55’000/100000
[128KB-100ms] sent 60’000/100000
[128KB-100ms] sent 65’000/100000
[128KB-100ms] sent 70’000/100000
[128KB-100ms] sent 75’000/100000
[128KB-100ms] sent 80’000/100000
[128KB-100ms] sent 85’000/100000
[128KB-100ms] sent 90’000/100000
[128KB-100ms] sent 95’000/100000
[128KB-100ms] sent 100’000/100000
[128KB-100ms] complete: 100’000 msgs in 233 ms (429184.55 msg/s)

Process finished with exit code 0
