SLF4J: Failed to load class "org.slf4j.impl.StaticLoggerBinder".
SLF4J: Defaulting to no-operation (NOP) logger implementation
SLF4J: See http://www.slf4j.org/codes.html#StaticLoggerBinder for further details.
[16KB-100ms] topic=clicks-batch-16k-5 batch.size=16384 linger.ms=100 sending 100’000 messages...
[16KB-100ms] sent 5’000/100000
[16KB-100ms] sent 10’000/100000
[16KB-100ms] sent 15’000/100000
[16KB-100ms] sent 20’000/100000
[16KB-100ms] sent 25’000/100000
[16KB-100ms] sent 30’000/100000
[16KB-100ms] sent 35’000/100000
[16KB-100ms] sent 40’000/100000
[16KB-100ms] sent 45’000/100000
[16KB-100ms] sent 50’000/100000
[16KB-100ms] sent 55’000/100000
[16KB-100ms] sent 60’000/100000
[16KB-100ms] sent 65’000/100000
[16KB-100ms] sent 70’000/100000
[16KB-100ms] sent 75’000/100000
[16KB-100ms] sent 80’000/100000
[16KB-100ms] sent 85’000/100000
[16KB-100ms] sent 90’000/100000
[16KB-100ms] sent 95’000/100000
[16KB-100ms] sent 100’000/100000
[16KB-100ms] complete: 100’000 msgs in 693 ms (144300.14 msg/s)
[64KB-100ms] topic=clicks-batch-64k-7 batch.size=65536 linger.ms=100 sending 100’000 messages...
[64KB-100ms] sent 5’000/100000
[64KB-100ms] sent 10’000/100000
[64KB-100ms] sent 15’000/100000
[64KB-100ms] sent 20’000/100000
[64KB-100ms] sent 25’000/100000
[64KB-100ms] sent 30’000/100000
[64KB-100ms] sent 35’000/100000
[64KB-100ms] sent 40’000/100000
[64KB-100ms] sent 45’000/100000
[64KB-100ms] sent 50’000/100000
[64KB-100ms] sent 55’000/100000
[64KB-100ms] sent 60’000/100000
[64KB-100ms] sent 65’000/100000
[64KB-100ms] sent 70’000/100000
[64KB-100ms] sent 75’000/100000
[64KB-100ms] sent 80’000/100000
[64KB-100ms] sent 85’000/100000
[64KB-100ms] sent 90’000/100000
[64KB-100ms] sent 95’000/100000
[64KB-100ms] sent 100’000/100000
[64KB-100ms] complete: 100’000 msgs in 387 ms (258397.93 msg/s)
[128KB-100ms] topic=clicks-batch-128k-7 batch.size=131072 linger.ms=100 sending 100’000 messages...
[128KB-100ms] sent 5’000/100000
[128KB-100ms] sent 10’000/100000
[128KB-100ms] sent 15’000/100000
[128KB-100ms] sent 20’000/100000
[128KB-100ms] sent 25’000/100000
[128KB-100ms] sent 30’000/100000
[128KB-100ms] sent 35’000/100000
[128KB-100ms] sent 40’000/100000
[128KB-100ms] sent 45’000/100000
[128KB-100ms] sent 50’000/100000
[128KB-100ms] sent 55’000/100000
[128KB-100ms] sent 60’000/100000
[128KB-100ms] sent 65’000/100000
[128KB-100ms] sent 70’000/100000
[128KB-100ms] sent 75’000/100000
[128KB-100ms] sent 80’000/100000
[128KB-100ms] sent 85’000/100000
[128KB-100ms] sent 90’000/100000
[128KB-100ms] sent 95’000/100000
[128KB-100ms] sent 100’000/100000
[128KB-100ms] complete: 100’000 msgs in 206 ms (485436.89 msg/s)

Process finished with exit code 0
